<?xml version="1.0" encoding="UTF-8"?>
<!-- Generated by org.testng.reporters.JUnitReportReporter -->
<testsuite hostname="LAPTOP-P6NGCJ7D" failures="0" tests="1" name="org.example.AppTest" time="0.006" errors="0" timestamp="2024-07-24T12:40:16 CDT" skipped="0">
  <testcase classname="org.example.AppTest" name="testApp" time="0.006"/>
</testsuite> <!-- org.example.AppTest -->
